Compilazione avviata 09/12/2012 20:30:36.
     1>Progetto "C:\Users\vicks\Documents\Visual Studio 2012\Projects\Phynball\libs\Simple OpenGL Image Library\projects\VC9\SOIL.vcxproj" sul nodo 2 (destinazioni: build).
     1>InitializeBuildStatus:
         Creazione di "Debug\SOIL.unsuccessfulbuild". È stato specificato "AlwaysCreate".
       ClCompile:
         C:\Program Files\Microsoft Visual Studio 10.0\VC\bin\CL.exe /c /ZI /nologo /W3 /WX- /Od /Oy- /D WIN32 /D _DEBUG /D _LIB /D _UNICODE /D UNICODE /Gm /EHsc /RTC1 /MDd /GS /fp:precise /Zc:wchar_t /Zc:forScope /Fo"Debug\\" /Fd"Debug\vc100.pdb" /Gd /TC /analyze- /errorReport:prompt ..\..\src\image_DXT.c ..\..\src\image_helper.c ..\..\src\SOIL.c ..\..\src\stb_image_aug.c
         stb_image_aug.c
     1>c:\users\vicks\documents\visual studio 2012\projects\phynball\libs\simple opengl image library\src\stb_image_aug.c(177): warning C4996: 'fopen': This function or variable may be unsafe. Consider using fopen_s instead. To disable deprecation, use _CRT_SECURE_NO_WARNINGS. See online help for details.
                 c:\program files\microsoft visual studio 10.0\vc\include\stdio.h(234): vedere la dichiarazione di 'fopen'
     1>c:\users\vicks\documents\visual studio 2012\projects\phynball\libs\simple opengl image library\src\stb_image_aug.c(251): warning C4996: 'fopen': This function or variable may be unsafe. Consider using fopen_s instead. To disable deprecation, use _CRT_SECURE_NO_WARNINGS. See online help for details.
                 c:\program files\microsoft visual studio 10.0\vc\include\stdio.h(234): vedere la dichiarazione di 'fopen'
     1>c:\users\vicks\documents\visual studio 2012\projects\phynball\libs\simple opengl image library\src\stb_image_aug.c(303): warning C4996: 'fopen': This function or variable may be unsafe. Consider using fopen_s instead. To disable deprecation, use _CRT_SECURE_NO_WARNINGS. See online help for details.
                 c:\program files\microsoft visual studio 10.0\vc\include\stdio.h(234): vedere la dichiarazione di 'fopen'
     1>c:\users\vicks\documents\visual studio 2012\projects\phynball\libs\simple opengl image library\src\stb_image_aug.c(1557): warning C4996: 'fopen': This function or variable may be unsafe. Consider using fopen_s instead. To disable deprecation, use _CRT_SECURE_NO_WARNINGS. See online help for details.
                 c:\program files\microsoft visual studio 10.0\vc\include\stdio.h(234): vedere la dichiarazione di 'fopen'
     1>c:\users\vicks\documents\visual studio 2012\projects\phynball\libs\simple opengl image library\src\stb_image_aug.c(2394): warning C4996: 'fopen': This function or variable may be unsafe. Consider using fopen_s instead. To disable deprecation, use _CRT_SECURE_NO_WARNINGS. See online help for details.
                 c:\program files\microsoft visual studio 10.0\vc\include\stdio.h(234): vedere la dichiarazione di 'fopen'
     1>c:\users\vicks\documents\visual studio 2012\projects\phynball\libs\simple opengl image library\src\stb_image_aug.c(2709): warning C4996: 'fopen': This function or variable may be unsafe. Consider using fopen_s instead. To disable deprecation, use _CRT_SECURE_NO_WARNINGS. See online help for details.
                 c:\program files\microsoft visual studio 10.0\vc\include\stdio.h(234): vedere la dichiarazione di 'fopen'
     1>c:\users\vicks\documents\visual studio 2012\projects\phynball\libs\simple opengl image library\src\stb_image_aug.c(2995): warning C4996: 'fopen': This function or variable may be unsafe. Consider using fopen_s instead. To disable deprecation, use _CRT_SECURE_NO_WARNINGS. See online help for details.
                 c:\program files\microsoft visual studio 10.0\vc\include\stdio.h(234): vedere la dichiarazione di 'fopen'
     1>c:\users\vicks\documents\visual studio 2012\projects\phynball\libs\simple opengl image library\src\stb_image_aug.c(3209): warning C4996: 'fopen': This function or variable may be unsafe. Consider using fopen_s instead. To disable deprecation, use _CRT_SECURE_NO_WARNINGS. See online help for details.
                 c:\program files\microsoft visual studio 10.0\vc\include\stdio.h(234): vedere la dichiarazione di 'fopen'
     1>c:\users\vicks\documents\visual studio 2012\projects\phynball\libs\simple opengl image library\src\stb_image_aug.c(3548): warning C4996: 'fopen': This function or variable may be unsafe. Consider using fopen_s instead. To disable deprecation, use _CRT_SECURE_NO_WARNINGS. See online help for details.
                 c:\program files\microsoft visual studio 10.0\vc\include\stdio.h(234): vedere la dichiarazione di 'fopen'
     1>c:\users\vicks\documents\visual studio 2012\projects\phynball\libs\simple opengl image library\src\stb_image_aug.c(3644): warning C4996: 'fopen': This function or variable may be unsafe. Consider using fopen_s instead. To disable deprecation, use _CRT_SECURE_NO_WARNINGS. See online help for details.
                 c:\program files\microsoft visual studio 10.0\vc\include\stdio.h(234): vedere la dichiarazione di 'fopen'
     1>c:\users\vicks\documents\visual studio 2012\projects\phynball\libs\simple opengl image library\src\stbi_dds_aug_c.h(362): warning C4018: '>': errata corrispondenza tra signed e unsigned
     1>c:\users\vicks\documents\visual studio 2012\projects\phynball\libs\simple opengl image library\src\stbi_dds_aug_c.h(366): warning C4018: '>': errata corrispondenza tra signed e unsigned
     1>c:\users\vicks\documents\visual studio 2012\projects\phynball\libs\simple opengl image library\src\stbi_dds_aug_c.h(390): warning C4018: '<': errata corrispondenza tra signed e unsigned
     1>c:\users\vicks\documents\visual studio 2012\projects\phynball\libs\simple opengl image library\src\stbi_dds_aug_c.h(427): warning C4018: '<': errata corrispondenza tra signed e unsigned
     1>c:\users\vicks\documents\visual studio 2012\projects\phynball\libs\simple opengl image library\src\stbi_dds_aug_c.h(498): warning C4996: 'fopen': This function or variable may be unsafe. Consider using fopen_s instead. To disable deprecation, use _CRT_SECURE_NO_WARNINGS. See online help for details.
                 c:\program files\microsoft visual studio 10.0\vc\include\stdio.h(234): vedere la dichiarazione di 'fopen'
         SOIL.c
     1>c:\users\vicks\documents\visual studio 2012\projects\phynball\libs\simple opengl image library\src\soil.c(1719): warning C4018: '<=': errata corrispondenza tra signed e unsigned
     1>c:\users\vicks\documents\visual studio 2012\projects\phynball\libs\simple opengl image library\src\soil.c(1729): warning C4018: '<': errata corrispondenza tra signed e unsigned
     1>c:\users\vicks\documents\visual studio 2012\projects\phynball\libs\simple opengl image library\src\soil.c(1841): warning C4996: 'fopen': This function or variable may be unsafe. Consider using fopen_s instead. To disable deprecation, use _CRT_SECURE_NO_WARNINGS. See online help for details.
                 c:\program files\microsoft visual studio 10.0\vc\include\stdio.h(234): vedere la dichiarazione di 'fopen'
         image_helper.c
     1>c:\users\vicks\documents\visual studio 2012\projects\phynball\libs\simple opengl image library\src\image_helper.c(325): warning C4244: 'inizializzazione': conversione da 'double' a 'float'. Possibile perdita di dati.
     1>c:\users\vicks\documents\visual studio 2012\projects\phynball\libs\simple opengl image library\src\image_helper.c(366): warning C4244: '=': conversione da 'double' a 'float'. Possibile perdita di dati.
     1>c:\users\vicks\documents\visual studio 2012\projects\phynball\libs\simple opengl image library\src\image_helper.c(373): warning C4244: '=': conversione da 'float' a 'int'. Possibile perdita di dati.
     1>c:\users\vicks\documents\visual studio 2012\projects\phynball\libs\simple opengl image library\src\image_helper.c(415): warning C4244: '=': conversione da 'double' a 'float'. Possibile perdita di dati.
     1>c:\users\vicks\documents\visual studio 2012\projects\phynball\libs\simple opengl image library\src\image_helper.c(422): warning C4244: '=': conversione da 'float' a 'int'. Possibile perdita di dati.
         image_DXT.c
     1>c:\users\vicks\documents\visual studio 2012\projects\phynball\libs\simple opengl image library\src\image_dxt.c(92): warning C4996: 'fopen': This function or variable may be unsafe. Consider using fopen_s instead. To disable deprecation, use _CRT_SECURE_NO_WARNINGS. See online help for details.
                 c:\program files\microsoft visual studio 10.0\vc\include\stdio.h(234): vedere la dichiarazione di 'fopen'
         Generazione del codice in corso...
       Lib:
         C:\Program Files\Microsoft Visual Studio 10.0\VC\bin\Lib.exe /OUT:"C:\Users\vicks\Documents\Visual Studio 2012\Projects\Phynball\libs\Simple OpenGL Image Library\projects\VC9\Debug\SOIL.lib" /NOLOGO Debug\image_DXT.obj
         Debug\image_helper.obj
         Debug\SOIL.obj
         Debug\stb_image_aug.obj
         SOIL.vcxproj -> C:\Users\vicks\Documents\Visual Studio 2012\Projects\Phynball\libs\Simple OpenGL Image Library\projects\VC9\Debug\SOIL.lib
       FinalizeBuildStatus:
         Eliminazione del file "Debug\SOIL.unsuccessfulbuild" in corso.
         Aggiornamento timestamp di "Debug\SOIL.lastbuildstate".
     1>Compilazione progetto "C:\Users\vicks\Documents\Visual Studio 2012\Projects\Phynball\libs\Simple OpenGL Image Library\projects\VC9\SOIL.vcxproj" (destinazioni: build) completata.

Compilazione completata.

Tempo trascorso 00:00:02.96
